<?xml version="1.0" encoding="UTF-8"?>
<!-- Generated by org.testng.reporters.JUnitReportReporter -->
<testsuite skipped="0" hostname="PrathibaSuresh" name="Grouping_Example.Groups1" tests="2" failures="0" timestamp="30 Mar 2021 06:15:16 GMT" time="0.016" errors="0">
  <testcase name="test1" time="0.016" classname="Grouping_Example.Groups1"/>
  <testcase name="test2" time="0.000" classname="Grouping_Example.Groups1"/>
</testsuite> <!-- Grouping_Example.Groups1 -->
