<?xml version="1.0" encoding="UTF-8"?>
<!-- Generated by org.testng.reporters.JUnitReportReporter -->
<testsuite skipped="0" hostname="PrathibaSuresh" name="Interview_Questions.Auto_suggestions" tests="1" failures="0" timestamp="30 Mar 2021 09:56:07 GMT" time="26.247" errors="0">
  <testcase name="Auto_Suggest" time="26.247" classname="Interview_Questions.Auto_suggestions"/>
</testsuite> <!-- Interview_Questions.Auto_suggestions -->
