<?xml version="1.0" encoding="UTF-8"?>
<!-- Generated by org.testng.reporters.JUnitReportReporter -->
<testsuite skipped="1" hostname="PrathibaSuresh" name="Data_driven_Framework.DataDF" tests="1" failures="0" timestamp="18 Mar 2021 07:51:29 GMT" time="0.000" errors="0">
  <testcase name="loginUser" time="0.000" classname="Data_driven_Framework.DataDF">
    <skipped/>
  </testcase> <!-- loginUser -->
</testsuite> <!-- Data_driven_Framework.DataDF -->
