<?xml version="1.0" encoding="UTF-8"?>
<!-- Generated by org.testng.reporters.JUnitReportReporter -->
<testsuite skipped="0" hostname="PrathibaSuresh" name="Handling_drop_down.drop_down2" tests="1" failures="0" timestamp="04 Mar 2021 08:06:05 GMT" time="9.993" errors="0">
  <testcase name="test_Valid_SignIn" time="9.993" classname="Handling_drop_down.drop_down2"/>
</testsuite> <!-- Handling_drop_down.drop_down2 -->
