<?xml version="1.0" encoding="UTF-8"?>
<!-- Generated by org.testng.reporters.JUnitReportReporter -->
<testsuite skipped="0" hostname="PrathibaSuresh" name="Handling_child_browsers.Child_browser_popup" tests="1" failures="0" timestamp="19 Mar 2021 11:38:51 GMT" time="13.666" errors="0">
  <testcase name="WindowHandlePopup" time="13.666" classname="Handling_child_browsers.Child_browser_popup"/>
</testsuite> <!-- Handling_child_browsers.Child_browser_popup -->
