<?xml version="1.0" encoding="UTF-8"?>
<!-- Generated by org.testng.reporters.JUnitReportReporter -->
<testsuite skipped="1" hostname="PrathibaSuresh" name="Interview_Questions.Skip_testcases" tests="4" failures="0" timestamp="20 Mar 2021 07:41:15 GMT" time="0.021" errors="0">
  <testcase name="testCaseConditionalSkipException" time="0.003" classname="Interview_Questions.Skip_testcases"/>
  <testcase name="test1" time="0.016" classname="Interview_Questions.Skip_testcases"/>
  <testcase name="test3" time="0.002" classname="Interview_Questions.Skip_testcases"/>
  <testcase name="test2" classname="Interview_Questions.Skip_testcases">
    <skipped/>
  </testcase> <!-- test2 -->
</testsuite> <!-- Interview_Questions.Skip_testcases -->
