<?xml version="1.0" encoding="UTF-8"?>
<!-- Generated by org.testng.reporters.JUnitReportReporter -->
<testsuite skipped="0" hostname="PrathibaSuresh" name="All_Annotations.demo1" tests="1" failures="0" timestamp="04 Mar 2021 07:07:31 GMT" time="0.016" errors="0">
  <testcase name="test1" time="0.016" classname="All_Annotations.demo1"/>
</testsuite> <!-- All_Annotations.demo1 -->
